Vivado Simulator 2020.2
Copyright 1986-1999, 2001-2020 Xilinx, Inc. All Rights Reserved.
Running: D:/Xilinx/Vivado/2020.2/bin/unwrapped/win64.o/xelab.exe -wto 1dd3101e95c7417a8ca88f29d7dc65bd --incr --debug typical --relax --mt 2 --maxdelay -L xil_defaultlib -L simprims_ver -L secureip --snapshot Postlab3_Top_time_impl -transport_int_delays -pulse_r 0 -pulse_int_r 0 -pulse_e 0 -pulse_int_e 0 xil_defaultlib.Postlab3_Top xil_defaultlib.glbl -log elaborate.log 
Using 2 slave threads.
Starting static elaboration
Pass Through NonSizing Optimizer
Completed static elaboration
Starting simulation data flow analysis
Completed simulation data flow analysis
INFO: [XSIM 43-3451] SDF backannotation process started with SDF file "Postlab3_Top_time_impl.sdf", for root module "Postlab3_Top".
INFO: [XSIM 43-3452] SDF backannotation was successful for SDF file "Postlab3_Top_time_impl.sdf", for root module "Postlab3_Top".
Time Resolution for simulation is 1ps
Compiling module simprims_ver.BUFG
Compiling module simprims_ver.IBUF
Compiling module simprims_ver.OBUF
Compiling module simprims_ver.OBUFT
Compiling module simprims_ver.x_lut3_mux8
Compiling module simprims_ver.LUT3
Compiling module simprims_ver.LUT4
Compiling module simprims_ver.LUT6
Compiling module simprims_ver.LUT5(INIT=32'b111111111111111111...
Compiling module simprims_ver.FDRE_default
Compiling module simprims_ver.CARRY4
Compiling module xil_defaultlib.Postlab3_Top
Compiling module xil_defaultlib.glbl
Built simulation snapshot Postlab3_Top_time_impl
